2023-08-02 19:20:07 notice: Undefined property: TestDataController::$testData in C:\xampp\htdocs\mycake\src\Controller\TestDataController.php on line 22
Request URL: /test-data/index?key=Emily
Referer URL: http://localhost/mycake/test-data/index?key=Emily
Trace:
Cake\Controller\Controller::__get() C:\xampp\htdocs\mycake\vendor\cakephp\cakephp\src\Controller\Controller.php, line 329
App\Controller\TestDataController::index() C:\xampp\htdocs\mycake\src\Controller\TestDataController.php, line 22
Cake\Controller\Controller::invokeAction() C:\xampp\htdocs\mycake\vendor\cakephp\cakephp\src\Controller\Controller.php, line 547
Cake\Controller\ControllerFactory::handle() C:\xampp\htdocs\mycake\vendor\cakephp\cakephp\src\Controller\ControllerFactory.php, line 139
Cake\Controller\ControllerFactory::invoke() C:\xampp\htdocs\mycake\vendor\cakephp\cakephp\src\Controller\ControllerFactory.php, line 114
Cake\Http\BaseApplication::handle() C:\xampp\htdocs\mycake\vendor\cakephp\cakephp\src\Http\BaseApplication.php, line 320
Cake\Http\Runner::handle() C:\xampp\htdocs\mycake\vendor\cakephp\cakephp\src\Http\Runner.php, line 86
Cake\Http\Middleware\CsrfProtectionMiddleware::process() C:\xampp\htdocs\mycake\vendor\cakephp\cakephp\src\Http\Middleware\CsrfProtectionMiddleware.php, line 174
Cake\Http\Runner::handle() C:\xampp\htdocs\mycake\vendor\cakephp\cakephp\src\Http\Runner.php, line 82
Cake\Http\Middleware\BodyParserMiddleware::process() C:\xampp\htdocs\mycake\vendor\cakephp\cakephp\src\Http\Middleware\BodyParserMiddleware.php, line 157
Cake\Http\Runner::handle() C:\xampp\htdocs\mycake\vendor\cakephp\cakephp\src\Http\Runner.php, line 82
Cake\Routing\Middleware\RoutingMiddleware::process() C:\xampp\htdocs\mycake\vendor\cakephp\cakephp\src\Routing\Middleware\RoutingMiddleware.php, line 186
Cake\Http\Runner::handle() C:\xampp\htdocs\mycake\vendor\cakephp\cakephp\src\Http\Runner.php, line 82
Cake\Routing\Middleware\AssetMiddleware::process() C:\xampp\htdocs\mycake\vendor\cakephp\cakephp\src\Routing\Middleware\AssetMiddleware.php, line 68
Cake\Http\Runner::handle() C:\xampp\htdocs\mycake\vendor\cakephp\cakephp\src\Http\Runner.php, line 82
Cake\Error\Middleware\ErrorHandlerMiddleware::process() C:\xampp\htdocs\mycake\vendor\cakephp\cakephp\src\Error\Middleware\ErrorHandlerMiddleware.php, line 131
Cake\Http\Runner::handle() C:\xampp\htdocs\mycake\vendor\cakephp\cakephp\src\Http\Runner.php, line 82
DebugKit\Middleware\DebugKitMiddleware::process() C:\xampp\htdocs\mycake\vendor\cakephp\debug_kit\src\Middleware\DebugKitMiddleware.php, line 60
Cake\Http\Runner::handle() C:\xampp\htdocs\mycake\vendor\cakephp\cakephp\src\Http\Runner.php, line 82
Cake\Http\Runner::run() C:\xampp\htdocs\mycake\vendor\cakephp\cakephp\src\Http\Runner.php, line 67
Cake\Http\Server::run() C:\xampp\htdocs\mycake\vendor\cakephp\cakephp\src\Http\Server.php, line 90
[main] C:\xampp\htdocs\mycake\webroot\index.php, line 40

2023-08-02 19:22:30 notice: Undefined property: TestDataController::$testData in C:\xampp\htdocs\mycake\src\Controller\TestDataController.php on line 24
Request URL: /test-data/index
Referer URL: http://localhost/mycake/test-data/index
Trace:
Cake\Controller\Controller::__get() C:\xampp\htdocs\mycake\vendor\cakephp\cakephp\src\Controller\Controller.php, line 329
App\Controller\TestDataController::index() C:\xampp\htdocs\mycake\src\Controller\TestDataController.php, line 24
Cake\Controller\Controller::invokeAction() C:\xampp\htdocs\mycake\vendor\cakephp\cakephp\src\Controller\Controller.php, line 547
Cake\Controller\ControllerFactory::handle() C:\xampp\htdocs\mycake\vendor\cakephp\cakephp\src\Controller\ControllerFactory.php, line 139
Cake\Controller\ControllerFactory::invoke() C:\xampp\htdocs\mycake\vendor\cakephp\cakephp\src\Controller\ControllerFactory.php, line 114
Cake\Http\BaseApplication::handle() C:\xampp\htdocs\mycake\vendor\cakephp\cakephp\src\Http\BaseApplication.php, line 320
Cake\Http\Runner::handle() C:\xampp\htdocs\mycake\vendor\cakephp\cakephp\src\Http\Runner.php, line 86
Cake\Http\Middleware\CsrfProtectionMiddleware::process() C:\xampp\htdocs\mycake\vendor\cakephp\cakephp\src\Http\Middleware\CsrfProtectionMiddleware.php, line 174
Cake\Http\Runner::handle() C:\xampp\htdocs\mycake\vendor\cakephp\cakephp\src\Http\Runner.php, line 82
Cake\Http\Middleware\BodyParserMiddleware::process() C:\xampp\htdocs\mycake\vendor\cakephp\cakephp\src\Http\Middleware\BodyParserMiddleware.php, line 162
Cake\Http\Runner::handle() C:\xampp\htdocs\mycake\vendor\cakephp\cakephp\src\Http\Runner.php, line 82
Cake\Routing\Middleware\RoutingMiddleware::process() C:\xampp\htdocs\mycake\vendor\cakephp\cakephp\src\Routing\Middleware\RoutingMiddleware.php, line 186
Cake\Http\Runner::handle() C:\xampp\htdocs\mycake\vendor\cakephp\cakephp\src\Http\Runner.php, line 82
Cake\Routing\Middleware\AssetMiddleware::process() C:\xampp\htdocs\mycake\vendor\cakephp\cakephp\src\Routing\Middleware\AssetMiddleware.php, line 68
Cake\Http\Runner::handle() C:\xampp\htdocs\mycake\vendor\cakephp\cakephp\src\Http\Runner.php, line 82
Cake\Error\Middleware\ErrorHandlerMiddleware::process() C:\xampp\htdocs\mycake\vendor\cakephp\cakephp\src\Error\Middleware\ErrorHandlerMiddleware.php, line 131
Cake\Http\Runner::handle() C:\xampp\htdocs\mycake\vendor\cakephp\cakephp\src\Http\Runner.php, line 82
DebugKit\Middleware\DebugKitMiddleware::process() C:\xampp\htdocs\mycake\vendor\cakephp\debug_kit\src\Middleware\DebugKitMiddleware.php, line 60
Cake\Http\Runner::handle() C:\xampp\htdocs\mycake\vendor\cakephp\cakephp\src\Http\Runner.php, line 82
Cake\Http\Runner::run() C:\xampp\htdocs\mycake\vendor\cakephp\cakephp\src\Http\Runner.php, line 67
Cake\Http\Server::run() C:\xampp\htdocs\mycake\vendor\cakephp\cakephp\src\Http\Server.php, line 90
[main] C:\xampp\htdocs\mycake\webroot\index.php, line 40

2023-08-02 19:22:33 notice: Undefined property: TestDataController::$testData in C:\xampp\htdocs\mycake\src\Controller\TestDataController.php on line 22
Request URL: /test-data/index?key=Emily
Referer URL: http://localhost/mycake/test-data/index
Trace:
Cake\Controller\Controller::__get() C:\xampp\htdocs\mycake\vendor\cakephp\cakephp\src\Controller\Controller.php, line 329
App\Controller\TestDataController::index() C:\xampp\htdocs\mycake\src\Controller\TestDataController.php, line 22
Cake\Controller\Controller::invokeAction() C:\xampp\htdocs\mycake\vendor\cakephp\cakephp\src\Controller\Controller.php, line 547
Cake\Controller\ControllerFactory::handle() C:\xampp\htdocs\mycake\vendor\cakephp\cakephp\src\Controller\ControllerFactory.php, line 139
Cake\Controller\ControllerFactory::invoke() C:\xampp\htdocs\mycake\vendor\cakephp\cakephp\src\Controller\ControllerFactory.php, line 114
Cake\Http\BaseApplication::handle() C:\xampp\htdocs\mycake\vendor\cakephp\cakephp\src\Http\BaseApplication.php, line 320
Cake\Http\Runner::handle() C:\xampp\htdocs\mycake\vendor\cakephp\cakephp\src\Http\Runner.php, line 86
Cake\Http\Middleware\CsrfProtectionMiddleware::process() C:\xampp\htdocs\mycake\vendor\cakephp\cakephp\src\Http\Middleware\CsrfProtectionMiddleware.php, line 174
Cake\Http\Runner::handle() C:\xampp\htdocs\mycake\vendor\cakephp\cakephp\src\Http\Runner.php, line 82
Cake\Http\Middleware\BodyParserMiddleware::process() C:\xampp\htdocs\mycake\vendor\cakephp\cakephp\src\Http\Middleware\BodyParserMiddleware.php, line 157
Cake\Http\Runner::handle() C:\xampp\htdocs\mycake\vendor\cakephp\cakephp\src\Http\Runner.php, line 82
Cake\Routing\Middleware\RoutingMiddleware::process() C:\xampp\htdocs\mycake\vendor\cakephp\cakephp\src\Routing\Middleware\RoutingMiddleware.php, line 186
Cake\Http\Runner::handle() C:\xampp\htdocs\mycake\vendor\cakephp\cakephp\src\Http\Runner.php, line 82
Cake\Routing\Middleware\AssetMiddleware::process() C:\xampp\htdocs\mycake\vendor\cakephp\cakephp\src\Routing\Middleware\AssetMiddleware.php, line 68
Cake\Http\Runner::handle() C:\xampp\htdocs\mycake\vendor\cakephp\cakephp\src\Http\Runner.php, line 82
Cake\Error\Middleware\ErrorHandlerMiddleware::process() C:\xampp\htdocs\mycake\vendor\cakephp\cakephp\src\Error\Middleware\ErrorHandlerMiddleware.php, line 131
Cake\Http\Runner::handle() C:\xampp\htdocs\mycake\vendor\cakephp\cakephp\src\Http\Runner.php, line 82
DebugKit\Middleware\DebugKitMiddleware::process() C:\xampp\htdocs\mycake\vendor\cakephp\debug_kit\src\Middleware\DebugKitMiddleware.php, line 60
Cake\Http\Runner::handle() C:\xampp\htdocs\mycake\vendor\cakephp\cakephp\src\Http\Runner.php, line 82
Cake\Http\Runner::run() C:\xampp\htdocs\mycake\vendor\cakephp\cakephp\src\Http\Runner.php, line 67
Cake\Http\Server::run() C:\xampp\htdocs\mycake\vendor\cakephp\cakephp\src\Http\Server.php, line 90
[main] C:\xampp\htdocs\mycake\webroot\index.php, line 40

2023-08-02 19:24:25 notice: Undefined property: TestDataController::$testData in C:\xampp\htdocs\mycake\src\Controller\TestDataController.php on line 24
Request URL: /test-data/index
Referer URL: http://localhost/mycake/test-data/index
Trace:
Cake\Controller\Controller::__get() C:\xampp\htdocs\mycake\vendor\cakephp\cakephp\src\Controller\Controller.php, line 329
App\Controller\TestDataController::index() C:\xampp\htdocs\mycake\src\Controller\TestDataController.php, line 24
Cake\Controller\Controller::invokeAction() C:\xampp\htdocs\mycake\vendor\cakephp\cakephp\src\Controller\Controller.php, line 547
Cake\Controller\ControllerFactory::handle() C:\xampp\htdocs\mycake\vendor\cakephp\cakephp\src\Controller\ControllerFactory.php, line 139
Cake\Controller\ControllerFactory::invoke() C:\xampp\htdocs\mycake\vendor\cakephp\cakephp\src\Controller\ControllerFactory.php, line 114
Cake\Http\BaseApplication::handle() C:\xampp\htdocs\mycake\vendor\cakephp\cakephp\src\Http\BaseApplication.php, line 320
Cake\Http\Runner::handle() C:\xampp\htdocs\mycake\vendor\cakephp\cakephp\src\Http\Runner.php, line 86
Cake\Http\Middleware\CsrfProtectionMiddleware::process() C:\xampp\htdocs\mycake\vendor\cakephp\cakephp\src\Http\Middleware\CsrfProtectionMiddleware.php, line 174
Cake\Http\Runner::handle() C:\xampp\htdocs\mycake\vendor\cakephp\cakephp\src\Http\Runner.php, line 82
Cake\Http\Middleware\BodyParserMiddleware::process() C:\xampp\htdocs\mycake\vendor\cakephp\cakephp\src\Http\Middleware\BodyParserMiddleware.php, line 162
Cake\Http\Runner::handle() C:\xampp\htdocs\mycake\vendor\cakephp\cakephp\src\Http\Runner.php, line 82
Cake\Routing\Middleware\RoutingMiddleware::process() C:\xampp\htdocs\mycake\vendor\cakephp\cakephp\src\Routing\Middleware\RoutingMiddleware.php, line 186
Cake\Http\Runner::handle() C:\xampp\htdocs\mycake\vendor\cakephp\cakephp\src\Http\Runner.php, line 82
Cake\Routing\Middleware\AssetMiddleware::process() C:\xampp\htdocs\mycake\vendor\cakephp\cakephp\src\Routing\Middleware\AssetMiddleware.php, line 68
Cake\Http\Runner::handle() C:\xampp\htdocs\mycake\vendor\cakephp\cakephp\src\Http\Runner.php, line 82
Cake\Error\Middleware\ErrorHandlerMiddleware::process() C:\xampp\htdocs\mycake\vendor\cakephp\cakephp\src\Error\Middleware\ErrorHandlerMiddleware.php, line 131
Cake\Http\Runner::handle() C:\xampp\htdocs\mycake\vendor\cakephp\cakephp\src\Http\Runner.php, line 82
DebugKit\Middleware\DebugKitMiddleware::process() C:\xampp\htdocs\mycake\vendor\cakephp\debug_kit\src\Middleware\DebugKitMiddleware.php, line 60
Cake\Http\Runner::handle() C:\xampp\htdocs\mycake\vendor\cakephp\cakephp\src\Http\Runner.php, line 82
Cake\Http\Runner::run() C:\xampp\htdocs\mycake\vendor\cakephp\cakephp\src\Http\Runner.php, line 67
Cake\Http\Server::run() C:\xampp\htdocs\mycake\vendor\cakephp\cakephp\src\Http\Server.php, line 90
[main] C:\xampp\htdocs\mycake\webroot\index.php, line 40

2023-08-02 19:24:27 notice: Undefined property: TestDataController::$testData in C:\xampp\htdocs\mycake\src\Controller\TestDataController.php on line 22
Request URL: /test-data/index?key=Emily
Referer URL: http://localhost/mycake/test-data/index
Trace:
Cake\Controller\Controller::__get() C:\xampp\htdocs\mycake\vendor\cakephp\cakephp\src\Controller\Controller.php, line 329
App\Controller\TestDataController::index() C:\xampp\htdocs\mycake\src\Controller\TestDataController.php, line 22
Cake\Controller\Controller::invokeAction() C:\xampp\htdocs\mycake\vendor\cakephp\cakephp\src\Controller\Controller.php, line 547
Cake\Controller\ControllerFactory::handle() C:\xampp\htdocs\mycake\vendor\cakephp\cakephp\src\Controller\ControllerFactory.php, line 139
Cake\Controller\ControllerFactory::invoke() C:\xampp\htdocs\mycake\vendor\cakephp\cakephp\src\Controller\ControllerFactory.php, line 114
Cake\Http\BaseApplication::handle() C:\xampp\htdocs\mycake\vendor\cakephp\cakephp\src\Http\BaseApplication.php, line 320
Cake\Http\Runner::handle() C:\xampp\htdocs\mycake\vendor\cakephp\cakephp\src\Http\Runner.php, line 86
Cake\Http\Middleware\CsrfProtectionMiddleware::process() C:\xampp\htdocs\mycake\vendor\cakephp\cakephp\src\Http\Middleware\CsrfProtectionMiddleware.php, line 174
Cake\Http\Runner::handle() C:\xampp\htdocs\mycake\vendor\cakephp\cakephp\src\Http\Runner.php, line 82
Cake\Http\Middleware\BodyParserMiddleware::process() C:\xampp\htdocs\mycake\vendor\cakephp\cakephp\src\Http\Middleware\BodyParserMiddleware.php, line 157
Cake\Http\Runner::handle() C:\xampp\htdocs\mycake\vendor\cakephp\cakephp\src\Http\Runner.php, line 82
Cake\Routing\Middleware\RoutingMiddleware::process() C:\xampp\htdocs\mycake\vendor\cakephp\cakephp\src\Routing\Middleware\RoutingMiddleware.php, line 186
Cake\Http\Runner::handle() C:\xampp\htdocs\mycake\vendor\cakephp\cakephp\src\Http\Runner.php, line 82
Cake\Routing\Middleware\AssetMiddleware::process() C:\xampp\htdocs\mycake\vendor\cakephp\cakephp\src\Routing\Middleware\AssetMiddleware.php, line 68
Cake\Http\Runner::handle() C:\xampp\htdocs\mycake\vendor\cakephp\cakephp\src\Http\Runner.php, line 82
Cake\Error\Middleware\ErrorHandlerMiddleware::process() C:\xampp\htdocs\mycake\vendor\cakephp\cakephp\src\Error\Middleware\ErrorHandlerMiddleware.php, line 131
Cake\Http\Runner::handle() C:\xampp\htdocs\mycake\vendor\cakephp\cakephp\src\Http\Runner.php, line 82
DebugKit\Middleware\DebugKitMiddleware::process() C:\xampp\htdocs\mycake\vendor\cakephp\debug_kit\src\Middleware\DebugKitMiddleware.php, line 60
Cake\Http\Runner::handle() C:\xampp\htdocs\mycake\vendor\cakephp\cakephp\src\Http\Runner.php, line 82
Cake\Http\Runner::run() C:\xampp\htdocs\mycake\vendor\cakephp\cakephp\src\Http\Runner.php, line 67
Cake\Http\Server::run() C:\xampp\htdocs\mycake\vendor\cakephp\cakephp\src\Http\Server.php, line 90
[main] C:\xampp\htdocs\mycake\webroot\index.php, line 40

2023-08-02 19:26:36 notice: Undefined property: TestDataController::$testData in C:\xampp\htdocs\mycake\src\Controller\TestDataController.php on line 24
Request URL: /test-data/index
Referer URL: http://localhost/mycake/test-data/index
Trace:
Cake\Controller\Controller::__get() C:\xampp\htdocs\mycake\vendor\cakephp\cakephp\src\Controller\Controller.php, line 329
App\Controller\TestDataController::index() C:\xampp\htdocs\mycake\src\Controller\TestDataController.php, line 24
Cake\Controller\Controller::invokeAction() C:\xampp\htdocs\mycake\vendor\cakephp\cakephp\src\Controller\Controller.php, line 547
Cake\Controller\ControllerFactory::handle() C:\xampp\htdocs\mycake\vendor\cakephp\cakephp\src\Controller\ControllerFactory.php, line 139
Cake\Controller\ControllerFactory::invoke() C:\xampp\htdocs\mycake\vendor\cakephp\cakephp\src\Controller\ControllerFactory.php, line 114
Cake\Http\BaseApplication::handle() C:\xampp\htdocs\mycake\vendor\cakephp\cakephp\src\Http\BaseApplication.php, line 320
Cake\Http\Runner::handle() C:\xampp\htdocs\mycake\vendor\cakephp\cakephp\src\Http\Runner.php, line 86
Cake\Http\Middleware\CsrfProtectionMiddleware::process() C:\xampp\htdocs\mycake\vendor\cakephp\cakephp\src\Http\Middleware\CsrfProtectionMiddleware.php, line 174
Cake\Http\Runner::handle() C:\xampp\htdocs\mycake\vendor\cakephp\cakephp\src\Http\Runner.php, line 82
Cake\Http\Middleware\BodyParserMiddleware::process() C:\xampp\htdocs\mycake\vendor\cakephp\cakephp\src\Http\Middleware\BodyParserMiddleware.php, line 162
Cake\Http\Runner::handle() C:\xampp\htdocs\mycake\vendor\cakephp\cakephp\src\Http\Runner.php, line 82
Cake\Routing\Middleware\RoutingMiddleware::process() C:\xampp\htdocs\mycake\vendor\cakephp\cakephp\src\Routing\Middleware\RoutingMiddleware.php, line 186
Cake\Http\Runner::handle() C:\xampp\htdocs\mycake\vendor\cakephp\cakephp\src\Http\Runner.php, line 82
Cake\Routing\Middleware\AssetMiddleware::process() C:\xampp\htdocs\mycake\vendor\cakephp\cakephp\src\Routing\Middleware\AssetMiddleware.php, line 68
Cake\Http\Runner::handle() C:\xampp\htdocs\mycake\vendor\cakephp\cakephp\src\Http\Runner.php, line 82
Cake\Error\Middleware\ErrorHandlerMiddleware::process() C:\xampp\htdocs\mycake\vendor\cakephp\cakephp\src\Error\Middleware\ErrorHandlerMiddleware.php, line 131
Cake\Http\Runner::handle() C:\xampp\htdocs\mycake\vendor\cakephp\cakephp\src\Http\Runner.php, line 82
DebugKit\Middleware\DebugKitMiddleware::process() C:\xampp\htdocs\mycake\vendor\cakephp\debug_kit\src\Middleware\DebugKitMiddleware.php, line 60
Cake\Http\Runner::handle() C:\xampp\htdocs\mycake\vendor\cakephp\cakephp\src\Http\Runner.php, line 82
Cake\Http\Runner::run() C:\xampp\htdocs\mycake\vendor\cakephp\cakephp\src\Http\Runner.php, line 67
Cake\Http\Server::run() C:\xampp\htdocs\mycake\vendor\cakephp\cakephp\src\Http\Server.php, line 90
[main] C:\xampp\htdocs\mycake\webroot\index.php, line 40

2023-08-02 19:26:39 notice: Undefined property: TestDataController::$testData in C:\xampp\htdocs\mycake\src\Controller\TestDataController.php on line 22
Request URL: /test-data/index?key=Emily
Referer URL: http://localhost/mycake/test-data/index
Trace:
Cake\Controller\Controller::__get() C:\xampp\htdocs\mycake\vendor\cakephp\cakephp\src\Controller\Controller.php, line 329
App\Controller\TestDataController::index() C:\xampp\htdocs\mycake\src\Controller\TestDataController.php, line 22
Cake\Controller\Controller::invokeAction() C:\xampp\htdocs\mycake\vendor\cakephp\cakephp\src\Controller\Controller.php, line 547
Cake\Controller\ControllerFactory::handle() C:\xampp\htdocs\mycake\vendor\cakephp\cakephp\src\Controller\ControllerFactory.php, line 139
Cake\Controller\ControllerFactory::invoke() C:\xampp\htdocs\mycake\vendor\cakephp\cakephp\src\Controller\ControllerFactory.php, line 114
Cake\Http\BaseApplication::handle() C:\xampp\htdocs\mycake\vendor\cakephp\cakephp\src\Http\BaseApplication.php, line 320
Cake\Http\Runner::handle() C:\xampp\htdocs\mycake\vendor\cakephp\cakephp\src\Http\Runner.php, line 86
Cake\Http\Middleware\CsrfProtectionMiddleware::process() C:\xampp\htdocs\mycake\vendor\cakephp\cakephp\src\Http\Middleware\CsrfProtectionMiddleware.php, line 174
Cake\Http\Runner::handle() C:\xampp\htdocs\mycake\vendor\cakephp\cakephp\src\Http\Runner.php, line 82
Cake\Http\Middleware\BodyParserMiddleware::process() C:\xampp\htdocs\mycake\vendor\cakephp\cakephp\src\Http\Middleware\BodyParserMiddleware.php, line 157
Cake\Http\Runner::handle() C:\xampp\htdocs\mycake\vendor\cakephp\cakephp\src\Http\Runner.php, line 82
Cake\Routing\Middleware\RoutingMiddleware::process() C:\xampp\htdocs\mycake\vendor\cakephp\cakephp\src\Routing\Middleware\RoutingMiddleware.php, line 186
Cake\Http\Runner::handle() C:\xampp\htdocs\mycake\vendor\cakephp\cakephp\src\Http\Runner.php, line 82
Cake\Routing\Middleware\AssetMiddleware::process() C:\xampp\htdocs\mycake\vendor\cakephp\cakephp\src\Routing\Middleware\AssetMiddleware.php, line 68
Cake\Http\Runner::handle() C:\xampp\htdocs\mycake\vendor\cakephp\cakephp\src\Http\Runner.php, line 82
Cake\Error\Middleware\ErrorHandlerMiddleware::process() C:\xampp\htdocs\mycake\vendor\cakephp\cakephp\src\Error\Middleware\ErrorHandlerMiddleware.php, line 131
Cake\Http\Runner::handle() C:\xampp\htdocs\mycake\vendor\cakephp\cakephp\src\Http\Runner.php, line 82
DebugKit\Middleware\DebugKitMiddleware::process() C:\xampp\htdocs\mycake\vendor\cakephp\debug_kit\src\Middleware\DebugKitMiddleware.php, line 60
Cake\Http\Runner::handle() C:\xampp\htdocs\mycake\vendor\cakephp\cakephp\src\Http\Runner.php, line 82
Cake\Http\Runner::run() C:\xampp\htdocs\mycake\vendor\cakephp\cakephp\src\Http\Runner.php, line 67
Cake\Http\Server::run() C:\xampp\htdocs\mycake\vendor\cakephp\cakephp\src\Http\Server.php, line 90
[main] C:\xampp\htdocs\mycake\webroot\index.php, line 40

2023-08-02 19:27:38 notice: Undefined property: TestDataController::$testData in C:\xampp\htdocs\mycake\src\Controller\TestDataController.php on line 24
Request URL: /test-data/index
Referer URL: http://localhost/mycake/test-data/index
Trace:
Cake\Controller\Controller::__get() C:\xampp\htdocs\mycake\vendor\cakephp\cakephp\src\Controller\Controller.php, line 329
App\Controller\TestDataController::index() C:\xampp\htdocs\mycake\src\Controller\TestDataController.php, line 24
Cake\Controller\Controller::invokeAction() C:\xampp\htdocs\mycake\vendor\cakephp\cakephp\src\Controller\Controller.php, line 547
Cake\Controller\ControllerFactory::handle() C:\xampp\htdocs\mycake\vendor\cakephp\cakephp\src\Controller\ControllerFactory.php, line 139
Cake\Controller\ControllerFactory::invoke() C:\xampp\htdocs\mycake\vendor\cakephp\cakephp\src\Controller\ControllerFactory.php, line 114
Cake\Http\BaseApplication::handle() C:\xampp\htdocs\mycake\vendor\cakephp\cakephp\src\Http\BaseApplication.php, line 320
Cake\Http\Runner::handle() C:\xampp\htdocs\mycake\vendor\cakephp\cakephp\src\Http\Runner.php, line 86
Cake\Http\Middleware\CsrfProtectionMiddleware::process() C:\xampp\htdocs\mycake\vendor\cakephp\cakephp\src\Http\Middleware\CsrfProtectionMiddleware.php, line 174
Cake\Http\Runner::handle() C:\xampp\htdocs\mycake\vendor\cakephp\cakephp\src\Http\Runner.php, line 82
Cake\Http\Middleware\BodyParserMiddleware::process() C:\xampp\htdocs\mycake\vendor\cakephp\cakephp\src\Http\Middleware\BodyParserMiddleware.php, line 162
Cake\Http\Runner::handle() C:\xampp\htdocs\mycake\vendor\cakephp\cakephp\src\Http\Runner.php, line 82
Cake\Routing\Middleware\RoutingMiddleware::process() C:\xampp\htdocs\mycake\vendor\cakephp\cakephp\src\Routing\Middleware\RoutingMiddleware.php, line 186
Cake\Http\Runner::handle() C:\xampp\htdocs\mycake\vendor\cakephp\cakephp\src\Http\Runner.php, line 82
Cake\Routing\Middleware\AssetMiddleware::process() C:\xampp\htdocs\mycake\vendor\cakephp\cakephp\src\Routing\Middleware\AssetMiddleware.php, line 68
Cake\Http\Runner::handle() C:\xampp\htdocs\mycake\vendor\cakephp\cakephp\src\Http\Runner.php, line 82
Cake\Error\Middleware\ErrorHandlerMiddleware::process() C:\xampp\htdocs\mycake\vendor\cakephp\cakephp\src\Error\Middleware\ErrorHandlerMiddleware.php, line 131
Cake\Http\Runner::handle() C:\xampp\htdocs\mycake\vendor\cakephp\cakephp\src\Http\Runner.php, line 82
DebugKit\Middleware\DebugKitMiddleware::process() C:\xampp\htdocs\mycake\vendor\cakephp\debug_kit\src\Middleware\DebugKitMiddleware.php, line 60
Cake\Http\Runner::handle() C:\xampp\htdocs\mycake\vendor\cakephp\cakephp\src\Http\Runner.php, line 82
Cake\Http\Runner::run() C:\xampp\htdocs\mycake\vendor\cakephp\cakephp\src\Http\Runner.php, line 67
Cake\Http\Server::run() C:\xampp\htdocs\mycake\vendor\cakephp\cakephp\src\Http\Server.php, line 90
[main] C:\xampp\htdocs\mycake\webroot\index.php, line 40

2023-08-02 19:27:40 notice: Undefined property: TestDataController::$testData in C:\xampp\htdocs\mycake\src\Controller\TestDataController.php on line 22
Request URL: /test-data/index?key=Emily
Referer URL: http://localhost/mycake/test-data/index
Trace:
Cake\Controller\Controller::__get() C:\xampp\htdocs\mycake\vendor\cakephp\cakephp\src\Controller\Controller.php, line 329
App\Controller\TestDataController::index() C:\xampp\htdocs\mycake\src\Controller\TestDataController.php, line 22
Cake\Controller\Controller::invokeAction() C:\xampp\htdocs\mycake\vendor\cakephp\cakephp\src\Controller\Controller.php, line 547
Cake\Controller\ControllerFactory::handle() C:\xampp\htdocs\mycake\vendor\cakephp\cakephp\src\Controller\ControllerFactory.php, line 139
Cake\Controller\ControllerFactory::invoke() C:\xampp\htdocs\mycake\vendor\cakephp\cakephp\src\Controller\ControllerFactory.php, line 114
Cake\Http\BaseApplication::handle() C:\xampp\htdocs\mycake\vendor\cakephp\cakephp\src\Http\BaseApplication.php, line 320
Cake\Http\Runner::handle() C:\xampp\htdocs\mycake\vendor\cakephp\cakephp\src\Http\Runner.php, line 86
Cake\Http\Middleware\CsrfProtectionMiddleware::process() C:\xampp\htdocs\mycake\vendor\cakephp\cakephp\src\Http\Middleware\CsrfProtectionMiddleware.php, line 174
Cake\Http\Runner::handle() C:\xampp\htdocs\mycake\vendor\cakephp\cakephp\src\Http\Runner.php, line 82
Cake\Http\Middleware\BodyParserMiddleware::process() C:\xampp\htdocs\mycake\vendor\cakephp\cakephp\src\Http\Middleware\BodyParserMiddleware.php, line 157
Cake\Http\Runner::handle() C:\xampp\htdocs\mycake\vendor\cakephp\cakephp\src\Http\Runner.php, line 82
Cake\Routing\Middleware\RoutingMiddleware::process() C:\xampp\htdocs\mycake\vendor\cakephp\cakephp\src\Routing\Middleware\RoutingMiddleware.php, line 186
Cake\Http\Runner::handle() C:\xampp\htdocs\mycake\vendor\cakephp\cakephp\src\Http\Runner.php, line 82
Cake\Routing\Middleware\AssetMiddleware::process() C:\xampp\htdocs\mycake\vendor\cakephp\cakephp\src\Routing\Middleware\AssetMiddleware.php, line 68
Cake\Http\Runner::handle() C:\xampp\htdocs\mycake\vendor\cakephp\cakephp\src\Http\Runner.php, line 82
Cake\Error\Middleware\ErrorHandlerMiddleware::process() C:\xampp\htdocs\mycake\vendor\cakephp\cakephp\src\Error\Middleware\ErrorHandlerMiddleware.php, line 131
Cake\Http\Runner::handle() C:\xampp\htdocs\mycake\vendor\cakephp\cakephp\src\Http\Runner.php, line 82
DebugKit\Middleware\DebugKitMiddleware::process() C:\xampp\htdocs\mycake\vendor\cakephp\debug_kit\src\Middleware\DebugKitMiddleware.php, line 60
Cake\Http\Runner::handle() C:\xampp\htdocs\mycake\vendor\cakephp\cakephp\src\Http\Runner.php, line 82
Cake\Http\Runner::run() C:\xampp\htdocs\mycake\vendor\cakephp\cakephp\src\Http\Runner.php, line 67
Cake\Http\Server::run() C:\xampp\htdocs\mycake\vendor\cakephp\cakephp\src\Http\Server.php, line 90
[main] C:\xampp\htdocs\mycake\webroot\index.php, line 40

2023-08-02 19:30:17 notice: Undefined property: TestDataController::$testData in C:\xampp\htdocs\mycake\src\Controller\TestDataController.php on line 24
Request URL: /test-data/index
Referer URL: http://localhost/mycake/test-data/index
Trace:
Cake\Controller\Controller::__get() C:\xampp\htdocs\mycake\vendor\cakephp\cakephp\src\Controller\Controller.php, line 329
App\Controller\TestDataController::index() C:\xampp\htdocs\mycake\src\Controller\TestDataController.php, line 24
Cake\Controller\Controller::invokeAction() C:\xampp\htdocs\mycake\vendor\cakephp\cakephp\src\Controller\Controller.php, line 547
Cake\Controller\ControllerFactory::handle() C:\xampp\htdocs\mycake\vendor\cakephp\cakephp\src\Controller\ControllerFactory.php, line 139
Cake\Controller\ControllerFactory::invoke() C:\xampp\htdocs\mycake\vendor\cakephp\cakephp\src\Controller\ControllerFactory.php, line 114
Cake\Http\BaseApplication::handle() C:\xampp\htdocs\mycake\vendor\cakephp\cakephp\src\Http\BaseApplication.php, line 320
Cake\Http\Runner::handle() C:\xampp\htdocs\mycake\vendor\cakephp\cakephp\src\Http\Runner.php, line 86
Cake\Http\Middleware\CsrfProtectionMiddleware::process() C:\xampp\htdocs\mycake\vendor\cakephp\cakephp\src\Http\Middleware\CsrfProtectionMiddleware.php, line 174
Cake\Http\Runner::handle() C:\xampp\htdocs\mycake\vendor\cakephp\cakephp\src\Http\Runner.php, line 82
Cake\Http\Middleware\BodyParserMiddleware::process() C:\xampp\htdocs\mycake\vendor\cakephp\cakephp\src\Http\Middleware\BodyParserMiddleware.php, line 162
Cake\Http\Runner::handle() C:\xampp\htdocs\mycake\vendor\cakephp\cakephp\src\Http\Runner.php, line 82
Cake\Routing\Middleware\RoutingMiddleware::process() C:\xampp\htdocs\mycake\vendor\cakephp\cakephp\src\Routing\Middleware\RoutingMiddleware.php, line 186
Cake\Http\Runner::handle() C:\xampp\htdocs\mycake\vendor\cakephp\cakephp\src\Http\Runner.php, line 82
Cake\Routing\Middleware\AssetMiddleware::process() C:\xampp\htdocs\mycake\vendor\cakephp\cakephp\src\Routing\Middleware\AssetMiddleware.php, line 68
Cake\Http\Runner::handle() C:\xampp\htdocs\mycake\vendor\cakephp\cakephp\src\Http\Runner.php, line 82
Cake\Error\Middleware\ErrorHandlerMiddleware::process() C:\xampp\htdocs\mycake\vendor\cakephp\cakephp\src\Error\Middleware\ErrorHandlerMiddleware.php, line 131
Cake\Http\Runner::handle() C:\xampp\htdocs\mycake\vendor\cakephp\cakephp\src\Http\Runner.php, line 82
DebugKit\Middleware\DebugKitMiddleware::process() C:\xampp\htdocs\mycake\vendor\cakephp\debug_kit\src\Middleware\DebugKitMiddleware.php, line 60
Cake\Http\Runner::handle() C:\xampp\htdocs\mycake\vendor\cakephp\cakephp\src\Http\Runner.php, line 82
Cake\Http\Runner::run() C:\xampp\htdocs\mycake\vendor\cakephp\cakephp\src\Http\Runner.php, line 67
Cake\Http\Server::run() C:\xampp\htdocs\mycake\vendor\cakephp\cakephp\src\Http\Server.php, line 90
[main] C:\xampp\htdocs\mycake\webroot\index.php, line 40

2023-08-02 19:30:22 notice: Undefined property: TestDataController::$testData in C:\xampp\htdocs\mycake\src\Controller\TestDataController.php on line 22
Request URL: /test-data/index?key=Emily
Referer URL: http://localhost/mycake/test-data/index
Trace:
Cake\Controller\Controller::__get() C:\xampp\htdocs\mycake\vendor\cakephp\cakephp\src\Controller\Controller.php, line 329
App\Controller\TestDataController::index() C:\xampp\htdocs\mycake\src\Controller\TestDataController.php, line 22
Cake\Controller\Controller::invokeAction() C:\xampp\htdocs\mycake\vendor\cakephp\cakephp\src\Controller\Controller.php, line 547
Cake\Controller\ControllerFactory::handle() C:\xampp\htdocs\mycake\vendor\cakephp\cakephp\src\Controller\ControllerFactory.php, line 139
Cake\Controller\ControllerFactory::invoke() C:\xampp\htdocs\mycake\vendor\cakephp\cakephp\src\Controller\ControllerFactory.php, line 114
Cake\Http\BaseApplication::handle() C:\xampp\htdocs\mycake\vendor\cakephp\cakephp\src\Http\BaseApplication.php, line 320
Cake\Http\Runner::handle() C:\xampp\htdocs\mycake\vendor\cakephp\cakephp\src\Http\Runner.php, line 86
Cake\Http\Middleware\CsrfProtectionMiddleware::process() C:\xampp\htdocs\mycake\vendor\cakephp\cakephp\src\Http\Middleware\CsrfProtectionMiddleware.php, line 174
Cake\Http\Runner::handle() C:\xampp\htdocs\mycake\vendor\cakephp\cakephp\src\Http\Runner.php, line 82
Cake\Http\Middleware\BodyParserMiddleware::process() C:\xampp\htdocs\mycake\vendor\cakephp\cakephp\src\Http\Middleware\BodyParserMiddleware.php, line 157
Cake\Http\Runner::handle() C:\xampp\htdocs\mycake\vendor\cakephp\cakephp\src\Http\Runner.php, line 82
Cake\Routing\Middleware\RoutingMiddleware::process() C:\xampp\htdocs\mycake\vendor\cakephp\cakephp\src\Routing\Middleware\RoutingMiddleware.php, line 186
Cake\Http\Runner::handle() C:\xampp\htdocs\mycake\vendor\cakephp\cakephp\src\Http\Runner.php, line 82
Cake\Routing\Middleware\AssetMiddleware::process() C:\xampp\htdocs\mycake\vendor\cakephp\cakephp\src\Routing\Middleware\AssetMiddleware.php, line 68
Cake\Http\Runner::handle() C:\xampp\htdocs\mycake\vendor\cakephp\cakephp\src\Http\Runner.php, line 82
Cake\Error\Middleware\ErrorHandlerMiddleware::process() C:\xampp\htdocs\mycake\vendor\cakephp\cakephp\src\Error\Middleware\ErrorHandlerMiddleware.php, line 131
Cake\Http\Runner::handle() C:\xampp\htdocs\mycake\vendor\cakephp\cakephp\src\Http\Runner.php, line 82
DebugKit\Middleware\DebugKitMiddleware::process() C:\xampp\htdocs\mycake\vendor\cakephp\debug_kit\src\Middleware\DebugKitMiddleware.php, line 60
Cake\Http\Runner::handle() C:\xampp\htdocs\mycake\vendor\cakephp\cakephp\src\Http\Runner.php, line 82
Cake\Http\Runner::run() C:\xampp\htdocs\mycake\vendor\cakephp\cakephp\src\Http\Runner.php, line 67
Cake\Http\Server::run() C:\xampp\htdocs\mycake\vendor\cakephp\cakephp\src\Http\Server.php, line 90
[main] C:\xampp\htdocs\mycake\webroot\index.php, line 40

2023-08-02 19:32:42 notice: Undefined property: TestDataController::$testData in C:\xampp\htdocs\mycake\src\Controller\TestDataController.php on line 24
Request URL: /test-data/index
Referer URL: http://localhost/mycake/test-data/index
Trace:
Cake\Controller\Controller::__get() C:\xampp\htdocs\mycake\vendor\cakephp\cakephp\src\Controller\Controller.php, line 329
App\Controller\TestDataController::index() C:\xampp\htdocs\mycake\src\Controller\TestDataController.php, line 24
Cake\Controller\Controller::invokeAction() C:\xampp\htdocs\mycake\vendor\cakephp\cakephp\src\Controller\Controller.php, line 547
Cake\Controller\ControllerFactory::handle() C:\xampp\htdocs\mycake\vendor\cakephp\cakephp\src\Controller\ControllerFactory.php, line 139
Cake\Controller\ControllerFactory::invoke() C:\xampp\htdocs\mycake\vendor\cakephp\cakephp\src\Controller\ControllerFactory.php, line 114
Cake\Http\BaseApplication::handle() C:\xampp\htdocs\mycake\vendor\cakephp\cakephp\src\Http\BaseApplication.php, line 320
Cake\Http\Runner::handle() C:\xampp\htdocs\mycake\vendor\cakephp\cakephp\src\Http\Runner.php, line 86
Cake\Http\Middleware\CsrfProtectionMiddleware::process() C:\xampp\htdocs\mycake\vendor\cakephp\cakephp\src\Http\Middleware\CsrfProtectionMiddleware.php, line 174
Cake\Http\Runner::handle() C:\xampp\htdocs\mycake\vendor\cakephp\cakephp\src\Http\Runner.php, line 82
Cake\Http\Middleware\BodyParserMiddleware::process() C:\xampp\htdocs\mycake\vendor\cakephp\cakephp\src\Http\Middleware\BodyParserMiddleware.php, line 162
Cake\Http\Runner::handle() C:\xampp\htdocs\mycake\vendor\cakephp\cakephp\src\Http\Runner.php, line 82
Cake\Routing\Middleware\RoutingMiddleware::process() C:\xampp\htdocs\mycake\vendor\cakephp\cakephp\src\Routing\Middleware\RoutingMiddleware.php, line 186
Cake\Http\Runner::handle() C:\xampp\htdocs\mycake\vendor\cakephp\cakephp\src\Http\Runner.php, line 82
Cake\Routing\Middleware\AssetMiddleware::process() C:\xampp\htdocs\mycake\vendor\cakephp\cakephp\src\Routing\Middleware\AssetMiddleware.php, line 68
Cake\Http\Runner::handle() C:\xampp\htdocs\mycake\vendor\cakephp\cakephp\src\Http\Runner.php, line 82
Cake\Error\Middleware\ErrorHandlerMiddleware::process() C:\xampp\htdocs\mycake\vendor\cakephp\cakephp\src\Error\Middleware\ErrorHandlerMiddleware.php, line 131
Cake\Http\Runner::handle() C:\xampp\htdocs\mycake\vendor\cakephp\cakephp\src\Http\Runner.php, line 82
DebugKit\Middleware\DebugKitMiddleware::process() C:\xampp\htdocs\mycake\vendor\cakephp\debug_kit\src\Middleware\DebugKitMiddleware.php, line 60
Cake\Http\Runner::handle() C:\xampp\htdocs\mycake\vendor\cakephp\cakephp\src\Http\Runner.php, line 82
Cake\Http\Runner::run() C:\xampp\htdocs\mycake\vendor\cakephp\cakephp\src\Http\Runner.php, line 67
Cake\Http\Server::run() C:\xampp\htdocs\mycake\vendor\cakephp\cakephp\src\Http\Server.php, line 90
[main] C:\xampp\htdocs\mycake\webroot\index.php, line 40

2023-08-02 19:32:45 notice: Undefined property: TestDataController::$testData in C:\xampp\htdocs\mycake\src\Controller\TestDataController.php on line 22
Request URL: /test-data/index?key=Emily
Referer URL: http://localhost/mycake/test-data/index
Trace:
Cake\Controller\Controller::__get() C:\xampp\htdocs\mycake\vendor\cakephp\cakephp\src\Controller\Controller.php, line 329
App\Controller\TestDataController::index() C:\xampp\htdocs\mycake\src\Controller\TestDataController.php, line 22
Cake\Controller\Controller::invokeAction() C:\xampp\htdocs\mycake\vendor\cakephp\cakephp\src\Controller\Controller.php, line 547
Cake\Controller\ControllerFactory::handle() C:\xampp\htdocs\mycake\vendor\cakephp\cakephp\src\Controller\ControllerFactory.php, line 139
Cake\Controller\ControllerFactory::invoke() C:\xampp\htdocs\mycake\vendor\cakephp\cakephp\src\Controller\ControllerFactory.php, line 114
Cake\Http\BaseApplication::handle() C:\xampp\htdocs\mycake\vendor\cakephp\cakephp\src\Http\BaseApplication.php, line 320
Cake\Http\Runner::handle() C:\xampp\htdocs\mycake\vendor\cakephp\cakephp\src\Http\Runner.php, line 86
Cake\Http\Middleware\CsrfProtectionMiddleware::process() C:\xampp\htdocs\mycake\vendor\cakephp\cakephp\src\Http\Middleware\CsrfProtectionMiddleware.php, line 174
Cake\Http\Runner::handle() C:\xampp\htdocs\mycake\vendor\cakephp\cakephp\src\Http\Runner.php, line 82
Cake\Http\Middleware\BodyParserMiddleware::process() C:\xampp\htdocs\mycake\vendor\cakephp\cakephp\src\Http\Middleware\BodyParserMiddleware.php, line 157
Cake\Http\Runner::handle() C:\xampp\htdocs\mycake\vendor\cakephp\cakephp\src\Http\Runner.php, line 82
Cake\Routing\Middleware\RoutingMiddleware::process() C:\xampp\htdocs\mycake\vendor\cakephp\cakephp\src\Routing\Middleware\RoutingMiddleware.php, line 186
Cake\Http\Runner::handle() C:\xampp\htdocs\mycake\vendor\cakephp\cakephp\src\Http\Runner.php, line 82
Cake\Routing\Middleware\AssetMiddleware::process() C:\xampp\htdocs\mycake\vendor\cakephp\cakephp\src\Routing\Middleware\AssetMiddleware.php, line 68
Cake\Http\Runner::handle() C:\xampp\htdocs\mycake\vendor\cakephp\cakephp\src\Http\Runner.php, line 82
Cake\Error\Middleware\ErrorHandlerMiddleware::process() C:\xampp\htdocs\mycake\vendor\cakephp\cakephp\src\Error\Middleware\ErrorHandlerMiddleware.php, line 131
Cake\Http\Runner::handle() C:\xampp\htdocs\mycake\vendor\cakephp\cakephp\src\Http\Runner.php, line 82
DebugKit\Middleware\DebugKitMiddleware::process() C:\xampp\htdocs\mycake\vendor\cakephp\debug_kit\src\Middleware\DebugKitMiddleware.php, line 60
Cake\Http\Runner::handle() C:\xampp\htdocs\mycake\vendor\cakephp\cakephp\src\Http\Runner.php, line 82
Cake\Http\Runner::run() C:\xampp\htdocs\mycake\vendor\cakephp\cakephp\src\Http\Runner.php, line 67
Cake\Http\Server::run() C:\xampp\htdocs\mycake\vendor\cakephp\cakephp\src\Http\Server.php, line 90
[main] C:\xampp\htdocs\mycake\webroot\index.php, line 40

2023-08-02 19:41:58 notice: Undefined property: TestDataController::$testData in C:\xampp\htdocs\mycake\src\Controller\TestDataController.php on line 24
Request URL: /test-data/index
Referer URL: http://localhost/mycake/test-data/index
Trace:
Cake\Controller\Controller::__get() C:\xampp\htdocs\mycake\vendor\cakephp\cakephp\src\Controller\Controller.php, line 329
App\Controller\TestDataController::index() C:\xampp\htdocs\mycake\src\Controller\TestDataController.php, line 24
Cake\Controller\Controller::invokeAction() C:\xampp\htdocs\mycake\vendor\cakephp\cakephp\src\Controller\Controller.php, line 547
Cake\Controller\ControllerFactory::handle() C:\xampp\htdocs\mycake\vendor\cakephp\cakephp\src\Controller\ControllerFactory.php, line 139
Cake\Controller\ControllerFactory::invoke() C:\xampp\htdocs\mycake\vendor\cakephp\cakephp\src\Controller\ControllerFactory.php, line 114
Cake\Http\BaseApplication::handle() C:\xampp\htdocs\mycake\vendor\cakephp\cakephp\src\Http\BaseApplication.php, line 320
Cake\Http\Runner::handle() C:\xampp\htdocs\mycake\vendor\cakephp\cakephp\src\Http\Runner.php, line 86
Cake\Http\Middleware\CsrfProtectionMiddleware::process() C:\xampp\htdocs\mycake\vendor\cakephp\cakephp\src\Http\Middleware\CsrfProtectionMiddleware.php, line 174
Cake\Http\Runner::handle() C:\xampp\htdocs\mycake\vendor\cakephp\cakephp\src\Http\Runner.php, line 82
Cake\Http\Middleware\BodyParserMiddleware::process() C:\xampp\htdocs\mycake\vendor\cakephp\cakephp\src\Http\Middleware\BodyParserMiddleware.php, line 162
Cake\Http\Runner::handle() C:\xampp\htdocs\mycake\vendor\cakephp\cakephp\src\Http\Runner.php, line 82
Cake\Routing\Middleware\RoutingMiddleware::process() C:\xampp\htdocs\mycake\vendor\cakephp\cakephp\src\Routing\Middleware\RoutingMiddleware.php, line 186
Cake\Http\Runner::handle() C:\xampp\htdocs\mycake\vendor\cakephp\cakephp\src\Http\Runner.php, line 82
Cake\Routing\Middleware\AssetMiddleware::process() C:\xampp\htdocs\mycake\vendor\cakephp\cakephp\src\Routing\Middleware\AssetMiddleware.php, line 68
Cake\Http\Runner::handle() C:\xampp\htdocs\mycake\vendor\cakephp\cakephp\src\Http\Runner.php, line 82
Cake\Error\Middleware\ErrorHandlerMiddleware::process() C:\xampp\htdocs\mycake\vendor\cakephp\cakephp\src\Error\Middleware\ErrorHandlerMiddleware.php, line 131
Cake\Http\Runner::handle() C:\xampp\htdocs\mycake\vendor\cakephp\cakephp\src\Http\Runner.php, line 82
DebugKit\Middleware\DebugKitMiddleware::process() C:\xampp\htdocs\mycake\vendor\cakephp\debug_kit\src\Middleware\DebugKitMiddleware.php, line 60
Cake\Http\Runner::handle() C:\xampp\htdocs\mycake\vendor\cakephp\cakephp\src\Http\Runner.php, line 82
Cake\Http\Runner::run() C:\xampp\htdocs\mycake\vendor\cakephp\cakephp\src\Http\Runner.php, line 67
Cake\Http\Server::run() C:\xampp\htdocs\mycake\vendor\cakephp\cakephp\src\Http\Server.php, line 90
[main] C:\xampp\htdocs\mycake\webroot\index.php, line 40

2023-08-02 19:42:03 notice: Undefined property: TestDataController::$testData in C:\xampp\htdocs\mycake\src\Controller\TestDataController.php on line 22
Request URL: /test-data/index?key=Emily
Referer URL: http://localhost/mycake/test-data/index
Trace:
Cake\Controller\Controller::__get() C:\xampp\htdocs\mycake\vendor\cakephp\cakephp\src\Controller\Controller.php, line 329
App\Controller\TestDataController::index() C:\xampp\htdocs\mycake\src\Controller\TestDataController.php, line 22
Cake\Controller\Controller::invokeAction() C:\xampp\htdocs\mycake\vendor\cakephp\cakephp\src\Controller\Controller.php, line 547
Cake\Controller\ControllerFactory::handle() C:\xampp\htdocs\mycake\vendor\cakephp\cakephp\src\Controller\ControllerFactory.php, line 139
Cake\Controller\ControllerFactory::invoke() C:\xampp\htdocs\mycake\vendor\cakephp\cakephp\src\Controller\ControllerFactory.php, line 114
Cake\Http\BaseApplication::handle() C:\xampp\htdocs\mycake\vendor\cakephp\cakephp\src\Http\BaseApplication.php, line 320
Cake\Http\Runner::handle() C:\xampp\htdocs\mycake\vendor\cakephp\cakephp\src\Http\Runner.php, line 86
Cake\Http\Middleware\CsrfProtectionMiddleware::process() C:\xampp\htdocs\mycake\vendor\cakephp\cakephp\src\Http\Middleware\CsrfProtectionMiddleware.php, line 174
Cake\Http\Runner::handle() C:\xampp\htdocs\mycake\vendor\cakephp\cakephp\src\Http\Runner.php, line 82
Cake\Http\Middleware\BodyParserMiddleware::process() C:\xampp\htdocs\mycake\vendor\cakephp\cakephp\src\Http\Middleware\BodyParserMiddleware.php, line 157
Cake\Http\Runner::handle() C:\xampp\htdocs\mycake\vendor\cakephp\cakephp\src\Http\Runner.php, line 82
Cake\Routing\Middleware\RoutingMiddleware::process() C:\xampp\htdocs\mycake\vendor\cakephp\cakephp\src\Routing\Middleware\RoutingMiddleware.php, line 186
Cake\Http\Runner::handle() C:\xampp\htdocs\mycake\vendor\cakephp\cakephp\src\Http\Runner.php, line 82
Cake\Routing\Middleware\AssetMiddleware::process() C:\xampp\htdocs\mycake\vendor\cakephp\cakephp\src\Routing\Middleware\AssetMiddleware.php, line 68
Cake\Http\Runner::handle() C:\xampp\htdocs\mycake\vendor\cakephp\cakephp\src\Http\Runner.php, line 82
Cake\Error\Middleware\ErrorHandlerMiddleware::process() C:\xampp\htdocs\mycake\vendor\cakephp\cakephp\src\Error\Middleware\ErrorHandlerMiddleware.php, line 131
Cake\Http\Runner::handle() C:\xampp\htdocs\mycake\vendor\cakephp\cakephp\src\Http\Runner.php, line 82
DebugKit\Middleware\DebugKitMiddleware::process() C:\xampp\htdocs\mycake\vendor\cakephp\debug_kit\src\Middleware\DebugKitMiddleware.php, line 60
Cake\Http\Runner::handle() C:\xampp\htdocs\mycake\vendor\cakephp\cakephp\src\Http\Runner.php, line 82
Cake\Http\Runner::run() C:\xampp\htdocs\mycake\vendor\cakephp\cakephp\src\Http\Runner.php, line 67
Cake\Http\Server::run() C:\xampp\htdocs\mycake\vendor\cakephp\cakephp\src\Http\Server.php, line 90
[main] C:\xampp\htdocs\mycake\webroot\index.php, line 40

2023-08-02 19:44:29 notice: Undefined property: TestDataController::$testData in C:\xampp\htdocs\mycake\src\Controller\TestDataController.php on line 24
Request URL: /test-data/index
Referer URL: http://localhost/mycake/test-data/index
Trace:
Cake\Controller\Controller::__get() C:\xampp\htdocs\mycake\vendor\cakephp\cakephp\src\Controller\Controller.php, line 329
App\Controller\TestDataController::index() C:\xampp\htdocs\mycake\src\Controller\TestDataController.php, line 24
Cake\Controller\Controller::invokeAction() C:\xampp\htdocs\mycake\vendor\cakephp\cakephp\src\Controller\Controller.php, line 547
Cake\Controller\ControllerFactory::handle() C:\xampp\htdocs\mycake\vendor\cakephp\cakephp\src\Controller\ControllerFactory.php, line 139
Cake\Controller\ControllerFactory::invoke() C:\xampp\htdocs\mycake\vendor\cakephp\cakephp\src\Controller\ControllerFactory.php, line 114
Cake\Http\BaseApplication::handle() C:\xampp\htdocs\mycake\vendor\cakephp\cakephp\src\Http\BaseApplication.php, line 320
Cake\Http\Runner::handle() C:\xampp\htdocs\mycake\vendor\cakephp\cakephp\src\Http\Runner.php, line 86
Cake\Http\Middleware\CsrfProtectionMiddleware::process() C:\xampp\htdocs\mycake\vendor\cakephp\cakephp\src\Http\Middleware\CsrfProtectionMiddleware.php, line 174
Cake\Http\Runner::handle() C:\xampp\htdocs\mycake\vendor\cakephp\cakephp\src\Http\Runner.php, line 82
Cake\Http\Middleware\BodyParserMiddleware::process() C:\xampp\htdocs\mycake\vendor\cakephp\cakephp\src\Http\Middleware\BodyParserMiddleware.php, line 162
Cake\Http\Runner::handle() C:\xampp\htdocs\mycake\vendor\cakephp\cakephp\src\Http\Runner.php, line 82
Cake\Routing\Middleware\RoutingMiddleware::process() C:\xampp\htdocs\mycake\vendor\cakephp\cakephp\src\Routing\Middleware\RoutingMiddleware.php, line 186
Cake\Http\Runner::handle() C:\xampp\htdocs\mycake\vendor\cakephp\cakephp\src\Http\Runner.php, line 82
Cake\Routing\Middleware\AssetMiddleware::process() C:\xampp\htdocs\mycake\vendor\cakephp\cakephp\src\Routing\Middleware\AssetMiddleware.php, line 68
Cake\Http\Runner::handle() C:\xampp\htdocs\mycake\vendor\cakephp\cakephp\src\Http\Runner.php, line 82
Cake\Error\Middleware\ErrorHandlerMiddleware::process() C:\xampp\htdocs\mycake\vendor\cakephp\cakephp\src\Error\Middleware\ErrorHandlerMiddleware.php, line 131
Cake\Http\Runner::handle() C:\xampp\htdocs\mycake\vendor\cakephp\cakephp\src\Http\Runner.php, line 82
DebugKit\Middleware\DebugKitMiddleware::process() C:\xampp\htdocs\mycake\vendor\cakephp\debug_kit\src\Middleware\DebugKitMiddleware.php, line 60
Cake\Http\Runner::handle() C:\xampp\htdocs\mycake\vendor\cakephp\cakephp\src\Http\Runner.php, line 82
Cake\Http\Runner::run() C:\xampp\htdocs\mycake\vendor\cakephp\cakephp\src\Http\Runner.php, line 67
Cake\Http\Server::run() C:\xampp\htdocs\mycake\vendor\cakephp\cakephp\src\Http\Server.php, line 90
[main] C:\xampp\htdocs\mycake\webroot\index.php, line 40

2023-08-02 19:44:31 notice: Undefined property: TestDataController::$testData in C:\xampp\htdocs\mycake\src\Controller\TestDataController.php on line 22
Request URL: /test-data/index?key=Emily
Referer URL: http://localhost/mycake/test-data/index
Trace:
Cake\Controller\Controller::__get() C:\xampp\htdocs\mycake\vendor\cakephp\cakephp\src\Controller\Controller.php, line 329
App\Controller\TestDataController::index() C:\xampp\htdocs\mycake\src\Controller\TestDataController.php, line 22
Cake\Controller\Controller::invokeAction() C:\xampp\htdocs\mycake\vendor\cakephp\cakephp\src\Controller\Controller.php, line 547
Cake\Controller\ControllerFactory::handle() C:\xampp\htdocs\mycake\vendor\cakephp\cakephp\src\Controller\ControllerFactory.php, line 139
Cake\Controller\ControllerFactory::invoke() C:\xampp\htdocs\mycake\vendor\cakephp\cakephp\src\Controller\ControllerFactory.php, line 114
Cake\Http\BaseApplication::handle() C:\xampp\htdocs\mycake\vendor\cakephp\cakephp\src\Http\BaseApplication.php, line 320
Cake\Http\Runner::handle() C:\xampp\htdocs\mycake\vendor\cakephp\cakephp\src\Http\Runner.php, line 86
Cake\Http\Middleware\CsrfProtectionMiddleware::process() C:\xampp\htdocs\mycake\vendor\cakephp\cakephp\src\Http\Middleware\CsrfProtectionMiddleware.php, line 174
Cake\Http\Runner::handle() C:\xampp\htdocs\mycake\vendor\cakephp\cakephp\src\Http\Runner.php, line 82
Cake\Http\Middleware\BodyParserMiddleware::process() C:\xampp\htdocs\mycake\vendor\cakephp\cakephp\src\Http\Middleware\BodyParserMiddleware.php, line 157
Cake\Http\Runner::handle() C:\xampp\htdocs\mycake\vendor\cakephp\cakephp\src\Http\Runner.php, line 82
Cake\Routing\Middleware\RoutingMiddleware::process() C:\xampp\htdocs\mycake\vendor\cakephp\cakephp\src\Routing\Middleware\RoutingMiddleware.php, line 186
Cake\Http\Runner::handle() C:\xampp\htdocs\mycake\vendor\cakephp\cakephp\src\Http\Runner.php, line 82
Cake\Routing\Middleware\AssetMiddleware::process() C:\xampp\htdocs\mycake\vendor\cakephp\cakephp\src\Routing\Middleware\AssetMiddleware.php, line 68
Cake\Http\Runner::handle() C:\xampp\htdocs\mycake\vendor\cakephp\cakephp\src\Http\Runner.php, line 82
Cake\Error\Middleware\ErrorHandlerMiddleware::process() C:\xampp\htdocs\mycake\vendor\cakephp\cakephp\src\Error\Middleware\ErrorHandlerMiddleware.php, line 131
Cake\Http\Runner::handle() C:\xampp\htdocs\mycake\vendor\cakephp\cakephp\src\Http\Runner.php, line 82
DebugKit\Middleware\DebugKitMiddleware::process() C:\xampp\htdocs\mycake\vendor\cakephp\debug_kit\src\Middleware\DebugKitMiddleware.php, line 60
Cake\Http\Runner::handle() C:\xampp\htdocs\mycake\vendor\cakephp\cakephp\src\Http\Runner.php, line 82
Cake\Http\Runner::run() C:\xampp\htdocs\mycake\vendor\cakephp\cakephp\src\Http\Runner.php, line 67
Cake\Http\Server::run() C:\xampp\htdocs\mycake\vendor\cakephp\cakephp\src\Http\Server.php, line 90
[main] C:\xampp\htdocs\mycake\webroot\index.php, line 40

2023-08-02 19:49:42 notice: Undefined property: TestDataController::$testData in C:\xampp\htdocs\mycake\src\Controller\TestDataController.php on line 24
Request URL: /test-data/index
Referer URL: http://localhost/mycake/test-data/index
Trace:
Cake\Controller\Controller::__get() C:\xampp\htdocs\mycake\vendor\cakephp\cakephp\src\Controller\Controller.php, line 329
App\Controller\TestDataController::index() C:\xampp\htdocs\mycake\src\Controller\TestDataController.php, line 24
Cake\Controller\Controller::invokeAction() C:\xampp\htdocs\mycake\vendor\cakephp\cakephp\src\Controller\Controller.php, line 547
Cake\Controller\ControllerFactory::handle() C:\xampp\htdocs\mycake\vendor\cakephp\cakephp\src\Controller\ControllerFactory.php, line 139
Cake\Controller\ControllerFactory::invoke() C:\xampp\htdocs\mycake\vendor\cakephp\cakephp\src\Controller\ControllerFactory.php, line 114
Cake\Http\BaseApplication::handle() C:\xampp\htdocs\mycake\vendor\cakephp\cakephp\src\Http\BaseApplication.php, line 320
Cake\Http\Runner::handle() C:\xampp\htdocs\mycake\vendor\cakephp\cakephp\src\Http\Runner.php, line 86
Cake\Http\Middleware\CsrfProtectionMiddleware::process() C:\xampp\htdocs\mycake\vendor\cakephp\cakephp\src\Http\Middleware\CsrfProtectionMiddleware.php, line 174
Cake\Http\Runner::handle() C:\xampp\htdocs\mycake\vendor\cakephp\cakephp\src\Http\Runner.php, line 82
Cake\Http\Middleware\BodyParserMiddleware::process() C:\xampp\htdocs\mycake\vendor\cakephp\cakephp\src\Http\Middleware\BodyParserMiddleware.php, line 162
Cake\Http\Runner::handle() C:\xampp\htdocs\mycake\vendor\cakephp\cakephp\src\Http\Runner.php, line 82
Cake\Routing\Middleware\RoutingMiddleware::process() C:\xampp\htdocs\mycake\vendor\cakephp\cakephp\src\Routing\Middleware\RoutingMiddleware.php, line 186
Cake\Http\Runner::handle() C:\xampp\htdocs\mycake\vendor\cakephp\cakephp\src\Http\Runner.php, line 82
Cake\Routing\Middleware\AssetMiddleware::process() C:\xampp\htdocs\mycake\vendor\cakephp\cakephp\src\Routing\Middleware\AssetMiddleware.php, line 68
Cake\Http\Runner::handle() C:\xampp\htdocs\mycake\vendor\cakephp\cakephp\src\Http\Runner.php, line 82
Cake\Error\Middleware\ErrorHandlerMiddleware::process() C:\xampp\htdocs\mycake\vendor\cakephp\cakephp\src\Error\Middleware\ErrorHandlerMiddleware.php, line 131
Cake\Http\Runner::handle() C:\xampp\htdocs\mycake\vendor\cakephp\cakephp\src\Http\Runner.php, line 82
DebugKit\Middleware\DebugKitMiddleware::process() C:\xampp\htdocs\mycake\vendor\cakephp\debug_kit\src\Middleware\DebugKitMiddleware.php, line 60
Cake\Http\Runner::handle() C:\xampp\htdocs\mycake\vendor\cakephp\cakephp\src\Http\Runner.php, line 82
Cake\Http\Runner::run() C:\xampp\htdocs\mycake\vendor\cakephp\cakephp\src\Http\Runner.php, line 67
Cake\Http\Server::run() C:\xampp\htdocs\mycake\vendor\cakephp\cakephp\src\Http\Server.php, line 90
[main] C:\xampp\htdocs\mycake\webroot\index.php, line 40

2023-08-02 19:49:44 notice: Undefined property: TestDataController::$testData in C:\xampp\htdocs\mycake\src\Controller\TestDataController.php on line 22
Request URL: /test-data/index?key=Emily
Referer URL: http://localhost/mycake/test-data/index
Trace:
Cake\Controller\Controller::__get() C:\xampp\htdocs\mycake\vendor\cakephp\cakephp\src\Controller\Controller.php, line 329
App\Controller\TestDataController::index() C:\xampp\htdocs\mycake\src\Controller\TestDataController.php, line 22
Cake\Controller\Controller::invokeAction() C:\xampp\htdocs\mycake\vendor\cakephp\cakephp\src\Controller\Controller.php, line 547
Cake\Controller\ControllerFactory::handle() C:\xampp\htdocs\mycake\vendor\cakephp\cakephp\src\Controller\ControllerFactory.php, line 139
Cake\Controller\ControllerFactory::invoke() C:\xampp\htdocs\mycake\vendor\cakephp\cakephp\src\Controller\ControllerFactory.php, line 114
Cake\Http\BaseApplication::handle() C:\xampp\htdocs\mycake\vendor\cakephp\cakephp\src\Http\BaseApplication.php, line 320
Cake\Http\Runner::handle() C:\xampp\htdocs\mycake\vendor\cakephp\cakephp\src\Http\Runner.php, line 86
Cake\Http\Middleware\CsrfProtectionMiddleware::process() C:\xampp\htdocs\mycake\vendor\cakephp\cakephp\src\Http\Middleware\CsrfProtectionMiddleware.php, line 174
Cake\Http\Runner::handle() C:\xampp\htdocs\mycake\vendor\cakephp\cakephp\src\Http\Runner.php, line 82
Cake\Http\Middleware\BodyParserMiddleware::process() C:\xampp\htdocs\mycake\vendor\cakephp\cakephp\src\Http\Middleware\BodyParserMiddleware.php, line 157
Cake\Http\Runner::handle() C:\xampp\htdocs\mycake\vendor\cakephp\cakephp\src\Http\Runner.php, line 82
Cake\Routing\Middleware\RoutingMiddleware::process() C:\xampp\htdocs\mycake\vendor\cakephp\cakephp\src\Routing\Middleware\RoutingMiddleware.php, line 186
Cake\Http\Runner::handle() C:\xampp\htdocs\mycake\vendor\cakephp\cakephp\src\Http\Runner.php, line 82
Cake\Routing\Middleware\AssetMiddleware::process() C:\xampp\htdocs\mycake\vendor\cakephp\cakephp\src\Routing\Middleware\AssetMiddleware.php, line 68
Cake\Http\Runner::handle() C:\xampp\htdocs\mycake\vendor\cakephp\cakephp\src\Http\Runner.php, line 82
Cake\Error\Middleware\ErrorHandlerMiddleware::process() C:\xampp\htdocs\mycake\vendor\cakephp\cakephp\src\Error\Middleware\ErrorHandlerMiddleware.php, line 131
Cake\Http\Runner::handle() C:\xampp\htdocs\mycake\vendor\cakephp\cakephp\src\Http\Runner.php, line 82
DebugKit\Middleware\DebugKitMiddleware::process() C:\xampp\htdocs\mycake\vendor\cakephp\debug_kit\src\Middleware\DebugKitMiddleware.php, line 60
Cake\Http\Runner::handle() C:\xampp\htdocs\mycake\vendor\cakephp\cakephp\src\Http\Runner.php, line 82
Cake\Http\Runner::run() C:\xampp\htdocs\mycake\vendor\cakephp\cakephp\src\Http\Runner.php, line 67
Cake\Http\Server::run() C:\xampp\htdocs\mycake\vendor\cakephp\cakephp\src\Http\Server.php, line 90
[main] C:\xampp\htdocs\mycake\webroot\index.php, line 40

2023-08-02 21:17:18 notice: Undefined property: TestDataController::$testData in C:\xampp\htdocs\mycake\src\Controller\TestDataController.php on line 22
Request URL: /test-data/index?key=ashley
Referer URL: http://localhost/mycake/test-data/index
Trace:
Cake\Controller\Controller::__get() C:\xampp\htdocs\mycake\vendor\cakephp\cakephp\src\Controller\Controller.php, line 329
App\Controller\TestDataController::index() C:\xampp\htdocs\mycake\src\Controller\TestDataController.php, line 22
Cake\Controller\Controller::invokeAction() C:\xampp\htdocs\mycake\vendor\cakephp\cakephp\src\Controller\Controller.php, line 547
Cake\Controller\ControllerFactory::handle() C:\xampp\htdocs\mycake\vendor\cakephp\cakephp\src\Controller\ControllerFactory.php, line 139
Cake\Controller\ControllerFactory::invoke() C:\xampp\htdocs\mycake\vendor\cakephp\cakephp\src\Controller\ControllerFactory.php, line 114
Cake\Http\BaseApplication::handle() C:\xampp\htdocs\mycake\vendor\cakephp\cakephp\src\Http\BaseApplication.php, line 320
Cake\Http\Runner::handle() C:\xampp\htdocs\mycake\vendor\cakephp\cakephp\src\Http\Runner.php, line 86
Cake\Http\Middleware\CsrfProtectionMiddleware::process() C:\xampp\htdocs\mycake\vendor\cakephp\cakephp\src\Http\Middleware\CsrfProtectionMiddleware.php, line 174
Cake\Http\Runner::handle() C:\xampp\htdocs\mycake\vendor\cakephp\cakephp\src\Http\Runner.php, line 82
Cake\Http\Middleware\BodyParserMiddleware::process() C:\xampp\htdocs\mycake\vendor\cakephp\cakephp\src\Http\Middleware\BodyParserMiddleware.php, line 157
Cake\Http\Runner::handle() C:\xampp\htdocs\mycake\vendor\cakephp\cakephp\src\Http\Runner.php, line 82
Cake\Routing\Middleware\RoutingMiddleware::process() C:\xampp\htdocs\mycake\vendor\cakephp\cakephp\src\Routing\Middleware\RoutingMiddleware.php, line 186
Cake\Http\Runner::handle() C:\xampp\htdocs\mycake\vendor\cakephp\cakephp\src\Http\Runner.php, line 82
Cake\Routing\Middleware\AssetMiddleware::process() C:\xampp\htdocs\mycake\vendor\cakephp\cakephp\src\Routing\Middleware\AssetMiddleware.php, line 68
Cake\Http\Runner::handle() C:\xampp\htdocs\mycake\vendor\cakephp\cakephp\src\Http\Runner.php, line 82
Cake\Error\Middleware\ErrorHandlerMiddleware::process() C:\xampp\htdocs\mycake\vendor\cakephp\cakephp\src\Error\Middleware\ErrorHandlerMiddleware.php, line 131
Cake\Http\Runner::handle() C:\xampp\htdocs\mycake\vendor\cakephp\cakephp\src\Http\Runner.php, line 82
DebugKit\Middleware\DebugKitMiddleware::process() C:\xampp\htdocs\mycake\vendor\cakephp\debug_kit\src\Middleware\DebugKitMiddleware.php, line 60
Cake\Http\Runner::handle() C:\xampp\htdocs\mycake\vendor\cakephp\cakephp\src\Http\Runner.php, line 82
Cake\Http\Runner::run() C:\xampp\htdocs\mycake\vendor\cakephp\cakephp\src\Http\Runner.php, line 67
Cake\Http\Server::run() C:\xampp\htdocs\mycake\vendor\cakephp\cakephp\src\Http\Server.php, line 90
[main] C:\xampp\htdocs\mycake\webroot\index.php, line 40

2023-08-02 22:37:48 notice: Undefined property: TestDataController::$testData in C:\xampp\htdocs\mycake\src\Controller\TestDataController.php on line 24
Request URL: /test-data
Referer URL: http://localhost/mycake/test-data?page=2
Trace:
Cake\Controller\Controller::__get() C:\xampp\htdocs\mycake\vendor\cakephp\cakephp\src\Controller\Controller.php, line 329
App\Controller\TestDataController::index() C:\xampp\htdocs\mycake\src\Controller\TestDataController.php, line 24
Cake\Controller\Controller::invokeAction() C:\xampp\htdocs\mycake\vendor\cakephp\cakephp\src\Controller\Controller.php, line 547
Cake\Controller\ControllerFactory::handle() C:\xampp\htdocs\mycake\vendor\cakephp\cakephp\src\Controller\ControllerFactory.php, line 139
Cake\Controller\ControllerFactory::invoke() C:\xampp\htdocs\mycake\vendor\cakephp\cakephp\src\Controller\ControllerFactory.php, line 114
Cake\Http\BaseApplication::handle() C:\xampp\htdocs\mycake\vendor\cakephp\cakephp\src\Http\BaseApplication.php, line 320
Cake\Http\Runner::handle() C:\xampp\htdocs\mycake\vendor\cakephp\cakephp\src\Http\Runner.php, line 86
Cake\Http\Middleware\CsrfProtectionMiddleware::process() C:\xampp\htdocs\mycake\vendor\cakephp\cakephp\src\Http\Middleware\CsrfProtectionMiddleware.php, line 174
Cake\Http\Runner::handle() C:\xampp\htdocs\mycake\vendor\cakephp\cakephp\src\Http\Runner.php, line 82
Cake\Http\Middleware\BodyParserMiddleware::process() C:\xampp\htdocs\mycake\vendor\cakephp\cakephp\src\Http\Middleware\BodyParserMiddleware.php, line 157
Cake\Http\Runner::handle() C:\xampp\htdocs\mycake\vendor\cakephp\cakephp\src\Http\Runner.php, line 82
Cake\Routing\Middleware\RoutingMiddleware::process() C:\xampp\htdocs\mycake\vendor\cakephp\cakephp\src\Routing\Middleware\RoutingMiddleware.php, line 186
Cake\Http\Runner::handle() C:\xampp\htdocs\mycake\vendor\cakephp\cakephp\src\Http\Runner.php, line 82
Cake\Routing\Middleware\AssetMiddleware::process() C:\xampp\htdocs\mycake\vendor\cakephp\cakephp\src\Routing\Middleware\AssetMiddleware.php, line 68
Cake\Http\Runner::handle() C:\xampp\htdocs\mycake\vendor\cakephp\cakephp\src\Http\Runner.php, line 82
Cake\Error\Middleware\ErrorHandlerMiddleware::process() C:\xampp\htdocs\mycake\vendor\cakephp\cakephp\src\Error\Middleware\ErrorHandlerMiddleware.php, line 131
Cake\Http\Runner::handle() C:\xampp\htdocs\mycake\vendor\cakephp\cakephp\src\Http\Runner.php, line 82
DebugKit\Middleware\DebugKitMiddleware::process() C:\xampp\htdocs\mycake\vendor\cakephp\debug_kit\src\Middleware\DebugKitMiddleware.php, line 60
Cake\Http\Runner::handle() C:\xampp\htdocs\mycake\vendor\cakephp\cakephp\src\Http\Runner.php, line 82
Cake\Http\Runner::run() C:\xampp\htdocs\mycake\vendor\cakephp\cakephp\src\Http\Runner.php, line 67
Cake\Http\Server::run() C:\xampp\htdocs\mycake\vendor\cakephp\cakephp\src\Http\Server.php, line 90
[main] C:\xampp\htdocs\mycake\webroot\index.php, line 40

2023-08-02 22:37:56 notice: Undefined property: TestDataController::$testData in C:\xampp\htdocs\mycake\src\Controller\TestDataController.php on line 22
Request URL: /test-data?key=Daniel
Referer URL: http://localhost/mycake/test-data
Trace:
Cake\Controller\Controller::__get() C:\xampp\htdocs\mycake\vendor\cakephp\cakephp\src\Controller\Controller.php, line 329
App\Controller\TestDataController::index() C:\xampp\htdocs\mycake\src\Controller\TestDataController.php, line 22
Cake\Controller\Controller::invokeAction() C:\xampp\htdocs\mycake\vendor\cakephp\cakephp\src\Controller\Controller.php, line 547
Cake\Controller\ControllerFactory::handle() C:\xampp\htdocs\mycake\vendor\cakephp\cakephp\src\Controller\ControllerFactory.php, line 139
Cake\Controller\ControllerFactory::invoke() C:\xampp\htdocs\mycake\vendor\cakephp\cakephp\src\Controller\ControllerFactory.php, line 114
Cake\Http\BaseApplication::handle() C:\xampp\htdocs\mycake\vendor\cakephp\cakephp\src\Http\BaseApplication.php, line 320
Cake\Http\Runner::handle() C:\xampp\htdocs\mycake\vendor\cakephp\cakephp\src\Http\Runner.php, line 86
Cake\Http\Middleware\CsrfProtectionMiddleware::process() C:\xampp\htdocs\mycake\vendor\cakephp\cakephp\src\Http\Middleware\CsrfProtectionMiddleware.php, line 174
Cake\Http\Runner::handle() C:\xampp\htdocs\mycake\vendor\cakephp\cakephp\src\Http\Runner.php, line 82
Cake\Http\Middleware\BodyParserMiddleware::process() C:\xampp\htdocs\mycake\vendor\cakephp\cakephp\src\Http\Middleware\BodyParserMiddleware.php, line 157
Cake\Http\Runner::handle() C:\xampp\htdocs\mycake\vendor\cakephp\cakephp\src\Http\Runner.php, line 82
Cake\Routing\Middleware\RoutingMiddleware::process() C:\xampp\htdocs\mycake\vendor\cakephp\cakephp\src\Routing\Middleware\RoutingMiddleware.php, line 186
Cake\Http\Runner::handle() C:\xampp\htdocs\mycake\vendor\cakephp\cakephp\src\Http\Runner.php, line 82
Cake\Routing\Middleware\AssetMiddleware::process() C:\xampp\htdocs\mycake\vendor\cakephp\cakephp\src\Routing\Middleware\AssetMiddleware.php, line 68
Cake\Http\Runner::handle() C:\xampp\htdocs\mycake\vendor\cakephp\cakephp\src\Http\Runner.php, line 82
Cake\Error\Middleware\ErrorHandlerMiddleware::process() C:\xampp\htdocs\mycake\vendor\cakephp\cakephp\src\Error\Middleware\ErrorHandlerMiddleware.php, line 131
Cake\Http\Runner::handle() C:\xampp\htdocs\mycake\vendor\cakephp\cakephp\src\Http\Runner.php, line 82
DebugKit\Middleware\DebugKitMiddleware::process() C:\xampp\htdocs\mycake\vendor\cakephp\debug_kit\src\Middleware\DebugKitMiddleware.php, line 60
Cake\Http\Runner::handle() C:\xampp\htdocs\mycake\vendor\cakephp\cakephp\src\Http\Runner.php, line 82
Cake\Http\Runner::run() C:\xampp\htdocs\mycake\vendor\cakephp\cakephp\src\Http\Runner.php, line 67
Cake\Http\Server::run() C:\xampp\htdocs\mycake\vendor\cakephp\cakephp\src\Http\Server.php, line 90
[main] C:\xampp\htdocs\mycake\webroot\index.php, line 40

2023-08-02 22:38:15 notice: Undefined property: TestDataController::$testData in C:\xampp\htdocs\mycake\src\Controller\TestDataController.php on line 22
Request URL: /test-data?key=Emily
Referer URL: http://localhost/mycake/test-data
Trace:
Cake\Controller\Controller::__get() C:\xampp\htdocs\mycake\vendor\cakephp\cakephp\src\Controller\Controller.php, line 329
App\Controller\TestDataController::index() C:\xampp\htdocs\mycake\src\Controller\TestDataController.php, line 22
Cake\Controller\Controller::invokeAction() C:\xampp\htdocs\mycake\vendor\cakephp\cakephp\src\Controller\Controller.php, line 547
Cake\Controller\ControllerFactory::handle() C:\xampp\htdocs\mycake\vendor\cakephp\cakephp\src\Controller\ControllerFactory.php, line 139
Cake\Controller\ControllerFactory::invoke() C:\xampp\htdocs\mycake\vendor\cakephp\cakephp\src\Controller\ControllerFactory.php, line 114
Cake\Http\BaseApplication::handle() C:\xampp\htdocs\mycake\vendor\cakephp\cakephp\src\Http\BaseApplication.php, line 320
Cake\Http\Runner::handle() C:\xampp\htdocs\mycake\vendor\cakephp\cakephp\src\Http\Runner.php, line 86
Cake\Http\Middleware\CsrfProtectionMiddleware::process() C:\xampp\htdocs\mycake\vendor\cakephp\cakephp\src\Http\Middleware\CsrfProtectionMiddleware.php, line 174
Cake\Http\Runner::handle() C:\xampp\htdocs\mycake\vendor\cakephp\cakephp\src\Http\Runner.php, line 82
Cake\Http\Middleware\BodyParserMiddleware::process() C:\xampp\htdocs\mycake\vendor\cakephp\cakephp\src\Http\Middleware\BodyParserMiddleware.php, line 157
Cake\Http\Runner::handle() C:\xampp\htdocs\mycake\vendor\cakephp\cakephp\src\Http\Runner.php, line 82
Cake\Routing\Middleware\RoutingMiddleware::process() C:\xampp\htdocs\mycake\vendor\cakephp\cakephp\src\Routing\Middleware\RoutingMiddleware.php, line 186
Cake\Http\Runner::handle() C:\xampp\htdocs\mycake\vendor\cakephp\cakephp\src\Http\Runner.php, line 82
Cake\Routing\Middleware\AssetMiddleware::process() C:\xampp\htdocs\mycake\vendor\cakephp\cakephp\src\Routing\Middleware\AssetMiddleware.php, line 68
Cake\Http\Runner::handle() C:\xampp\htdocs\mycake\vendor\cakephp\cakephp\src\Http\Runner.php, line 82
Cake\Error\Middleware\ErrorHandlerMiddleware::process() C:\xampp\htdocs\mycake\vendor\cakephp\cakephp\src\Error\Middleware\ErrorHandlerMiddleware.php, line 131
Cake\Http\Runner::handle() C:\xampp\htdocs\mycake\vendor\cakephp\cakephp\src\Http\Runner.php, line 82
DebugKit\Middleware\DebugKitMiddleware::process() C:\xampp\htdocs\mycake\vendor\cakephp\debug_kit\src\Middleware\DebugKitMiddleware.php, line 60
Cake\Http\Runner::handle() C:\xampp\htdocs\mycake\vendor\cakephp\cakephp\src\Http\Runner.php, line 82
Cake\Http\Runner::run() C:\xampp\htdocs\mycake\vendor\cakephp\cakephp\src\Http\Runner.php, line 67
Cake\Http\Server::run() C:\xampp\htdocs\mycake\vendor\cakephp\cakephp\src\Http\Server.php, line 90
[main] C:\xampp\htdocs\mycake\webroot\index.php, line 40

